{
  "stats": {
    "suites": 0,
    "tests": 1,
    "passes": 0,
    "pending": 0,
    "failures": 1,
    "start": "2023-12-06T11:42:32.931Z",
    "end": "2023-12-06T11:42:33.116Z",
    "duration": 185,
    "testsRegistered": 7,
    "passPercent": 0,
    "pendingPercent": 0,
    "other": 0,
    "hasOther": false,
    "skipped": 6,
    "hasSkipped": true
  },
  "results": [
    {
      "uuid": "8a2b0577-08cd-4b22-bb7d-f7931cada319",
      "title": "",
      "fullFile": "cypress\\e2e\\ui-tests\\specs\\administration\\logs.cy.js",
      "file": "cypress\\e2e\\ui-tests\\specs\\administration\\logs.cy.js",
      "beforeHooks": [],
      "afterHooks": [],
      "tests": [],
      "suites": [
        {
          "uuid": "be937f9e-3d92-43b9-a844-79cbdc64ce91",
          "title": "Check logs page",
          "fullFile": "",
          "file": "",
          "beforeHooks": [],
          "afterHooks": [],
          "tests": [
            {
              "title": "Verify if it possible to see log details on logs page",
              "fullTitle": "Check logs page Verify if it possible to see log details on logs page",
              "timedOut": null,
              "duration": 149,
              "state": "failed",
              "speed": null,
              "pass": false,
              "fail": true,
              "pending": false,
              "context": "{\n  \"title\": \"cypress-mochawesome-reporter-screenshots\",\n  \"value\": [\n    [\n      \"\\\\administration\\\\logs.cy.js\\\\Verify if it possible to see log details on logs page -- before all hook (failed).png\"\n    ]\n  ]\n}",
              "code": "logs.openDetailsModal();\nlogs.verifyLogModalIsDisplayed();",
              "err": {
                "message": "CypressError: `cy.request()` failed on:\n\nhttp://localhost:3000/api/v1/profiles/StandardRegistry\n\nThe response we received from your web server was:\n\n  > 401: Unauthorized\n\nThis was considered a failure because the status code was not `2xx` or `3xx`.\n\nIf you do not want status codes to cause failures pass the option: `failOnStatusCode: false`\n\n-----------------------------------------------------------\n\nThe request we sent was:\n\nMethod: GET\nURL: http://localhost:3000/api/v1/profiles/StandardRegistry\nHeaders: {\n  \"Connection\": \"keep-alive\",\n  \"authorization\": \"bearer eyJhbGciOiJIUzI1NiIsInR5cCI6IkpXVCJ9.eyJ1c2VybmFtZSI6IlN0YW5kYXJkUmVnaXN0cnkiLCJkaWQiOiJkaWQ6aGVkZXJhOnRlc3RuZXQ6REpkb0FmUmd5em1ScGROY0ZOSDZQcUhQWFd3Nk5QVFhEOVRDa2NicW5qZTNfMC4wLjM5NDM1ODMiLCJyb2xlIjoiU1RBTkRBUkRfUkVHSVNUUlkiLCJpYXQiOjE2ODAwODg4MDN9.qv3sb9rtrowdQqObk8Co15erlkrXFAePvef1DeyTjmc\",\n  \"user-agent\": \"Mozilla/5.0 (Windows NT 10.0; Win64; x64) AppleWebKit/537.36 (KHTML, like Gecko) Cypress/10.11.0 Chrome/106.0.5249.51 Electron/21.0.0 Safari/537.36\",\n  \"accept\": \"*/*\",\n  \"accept-encoding\": \"gzip, deflate\"\n}\n\n-----------------------------------------------------------\n\nThe response we got was:\n\nStatus: 401 - Unauthorized\nHeaders: {\n  \"server\": \"nginx/1.25.1\",\n  \"date\": \"Wed, 06 Dec 2023 11:42:32 GMT\",\n  \"content-type\": \"application/json; charset=utf-8\",\n  \"content-length\": \"43\",\n  \"connection\": \"keep-alive\",\n  \"x-powered-by\": \"Express\",\n  \"etag\": \"W/\\\"2b-hGShxOkieaAVDloBubJVM+h58D8\\\"\"\n}\nBody: {\n  \"statusCode\": 401,\n  \"message\": \"Unauthorized\"\n}\n\n\nhttps://on.cypress.io/request\n\nBecause this error occurred during a `before all` hook we are skipping all of the remaining tests.",
                "estack": "CypressError: `cy.request()` failed on:\n\nhttp://localhost:3000/api/v1/profiles/StandardRegistry\n\nThe response we received from your web server was:\n\n  > 401: Unauthorized\n\nThis was considered a failure because the status code was not `2xx` or `3xx`.\n\nIf you do not want status codes to cause failures pass the option: `failOnStatusCode: false`\n\n-----------------------------------------------------------\n\nThe request we sent was:\n\nMethod: GET\nURL: http://localhost:3000/api/v1/profiles/StandardRegistry\nHeaders: {\n  \"Connection\": \"keep-alive\",\n  \"authorization\": \"bearer eyJhbGciOiJIUzI1NiIsInR5cCI6IkpXVCJ9.eyJ1c2VybmFtZSI6IlN0YW5kYXJkUmVnaXN0cnkiLCJkaWQiOiJkaWQ6aGVkZXJhOnRlc3RuZXQ6REpkb0FmUmd5em1ScGROY0ZOSDZQcUhQWFd3Nk5QVFhEOVRDa2NicW5qZTNfMC4wLjM5NDM1ODMiLCJyb2xlIjoiU1RBTkRBUkRfUkVHSVNUUlkiLCJpYXQiOjE2ODAwODg4MDN9.qv3sb9rtrowdQqObk8Co15erlkrXFAePvef1DeyTjmc\",\n  \"user-agent\": \"Mozilla/5.0 (Windows NT 10.0; Win64; x64) AppleWebKit/537.36 (KHTML, like Gecko) Cypress/10.11.0 Chrome/106.0.5249.51 Electron/21.0.0 Safari/537.36\",\n  \"accept\": \"*/*\",\n  \"accept-encoding\": \"gzip, deflate\"\n}\n\n-----------------------------------------------------------\n\nThe response we got was:\n\nStatus: 401 - Unauthorized\nHeaders: {\n  \"server\": \"nginx/1.25.1\",\n  \"date\": \"Wed, 06 Dec 2023 11:42:32 GMT\",\n  \"content-type\": \"application/json; charset=utf-8\",\n  \"content-length\": \"43\",\n  \"connection\": \"keep-alive\",\n  \"x-powered-by\": \"Express\",\n  \"etag\": \"W/\\\"2b-hGShxOkieaAVDloBubJVM+h58D8\\\"\"\n}\nBody: {\n  \"statusCode\": 401,\n  \"message\": \"Unauthorized\"\n}\n\n\nhttps://on.cypress.io/request\n\nBecause this error occurred during a `before all` hook we are skipping all of the remaining tests.\n    at <unknown> (http://localhost:53574/__cypress/runner/cypress_runner.js:144155:80)\n    at tryCatcher (http://localhost:53574/__cypress/runner/cypress_runner.js:11318:23)\n    at Promise._settlePromiseFromHandler (http://localhost:53574/__cypress/runner/cypress_runner.js:9253:31)\n    at Promise._settlePromise (http://localhost:53574/__cypress/runner/cypress_runner.js:9310:18)\n    at Promise._settlePromise0 (http://localhost:53574/__cypress/runner/cypress_runner.js:9355:10)\n    at Promise._settlePromises (http://localhost:53574/__cypress/runner/cypress_runner.js:9435:18)\n    at _drainQueueStep (http://localhost:53574/__cypress/runner/cypress_runner.js:6025:12)\n    at _drainQueue (http://localhost:53574/__cypress/runner/cypress_runner.js:6018:9)\n    at ../../node_modules/bluebird/js/release/async.js.Async._drainQueues (http://localhost:53574/__cypress/runner/cypress_runner.js:6034:5)\n    at Async.drainQueues (http://localhost:53574/__cypress/runner/cypress_runner.js:5904:14)\nFrom Your Spec Code:\n    at Context.eval (webpack:///./cypress/support/e2e.js:38:7)",
                "diff": null
              },
              "uuid": "587b3893-e0fc-4081-916b-510213638116",
              "parentUUID": null,
              "isHook": false,
              "skipped": false
            },
            {
              "title": "Verify if it possible to filter by message",
              "fullTitle": "Check logs page Verify if it possible to filter by message",
              "timedOut": null,
              "duration": 0,
              "state": "skipped",
              "speed": null,
              "pass": false,
              "fail": false,
              "pending": false,
              "context": null,
              "code": "logs.fillMessageField(\"Task completed\");\nlogs.clickOnApplyButton();\nlogs.verifyIfMessageColumnContains(\"Task completed\");",
              "err": {},
              "uuid": "9031f433-7173-45e9-9006-b6d36c265a49",
              "parentUUID": null,
              "isHook": false,
              "skipped": true
            },
            {
              "title": "Verify if it possible to filter by message type",
              "fullTitle": "Check logs page Verify if it possible to filter by message type",
              "timedOut": null,
              "duration": 0,
              "state": "skipped",
              "speed": null,
              "pass": false,
              "fail": false,
              "pending": false,
              "context": null,
              "code": "logs.selectMessageType(\"Error\");\nlogs.clickOnApplyButton();\nlogs.verifyIfTypeColumnContains(\"ERROR\");\nlogs.selectMessageType(\"Info\");\nlogs.clickOnApplyButton();\nlogs.verifyIfTypeColumnContains(\"INFO\");\nlogs.selectMessageType(\"Warn\");\nlogs.clickOnApplyButton();\nlogs.verifyIfTypeColumnContains(\"WARN\");",
              "err": {},
              "uuid": "f6213f90-2658-438a-b991-957e92d3d7b3",
              "parentUUID": null,
              "isHook": false,
              "skipped": true
            },
            {
              "title": "Verify if it possible to filter by data range",
              "fullTitle": "Check logs page Verify if it possible to filter by data range",
              "timedOut": null,
              "duration": 0,
              "state": "skipped",
              "speed": null,
              "pass": false,
              "fail": false,
              "pending": false,
              "context": null,
              "code": "logs.openDateRangePicker();\nlogs.selectTodayDate();\nlogs.clickOnApplyButton();",
              "err": {},
              "uuid": "c41ba189-d6a8-42a8-b9fb-9e5a4405cc59",
              "parentUUID": null,
              "isHook": false,
              "skipped": true
            },
            {
              "title": "Verify if it possible to filter by data attributes",
              "fullTitle": "Check logs page Verify if it possible to filter by data attributes",
              "timedOut": null,
              "duration": 0,
              "state": "skipped",
              "speed": null,
              "pass": false,
              "fail": false,
              "pending": false,
              "context": null,
              "code": "logs.selectFirstOptionInAttributes();\nlogs.clickOnApplyButton();\nlogs.verifyThatLogsTableIsNotEmpty();",
              "err": {},
              "uuid": "5ab1362a-32c7-4d20-9ec2-43d476fa1423",
              "parentUUID": null,
              "isHook": false,
              "skipped": true
            },
            {
              "title": "Verify if it possible to save logs",
              "fullTitle": "Check logs page Verify if it possible to save logs",
              "timedOut": null,
              "duration": 0,
              "state": "skipped",
              "speed": null,
              "pass": false,
              "fail": false,
              "pending": false,
              "context": null,
              "code": "logs.clickOnButton(\"Save logs\");\ncy.wait(2000);\ncy.checkIfFileExistByPartialName(\"logs\");",
              "err": {},
              "uuid": "56efe4dc-b1dc-47b2-8a46-35c4413080d7",
              "parentUUID": null,
              "isHook": false,
              "skipped": true
            },
            {
              "title": "Verify if it possible to clear filter",
              "fullTitle": "Check logs page Verify if it possible to clear filter",
              "timedOut": null,
              "duration": 0,
              "state": "skipped",
              "speed": null,
              "pass": false,
              "fail": false,
              "pending": false,
              "context": null,
              "code": "logs.fillMessageField(\"Task completed\");\nlogs.selectMessageType(\"Error\");\nlogs.openDateRangePicker();\nlogs.selectTodayDate();\nlogs.selectFirstOptionInAttributes();\nlogs.clickOnButton(\"Clear filters\");\nlogs.verifyIfMessageFieldIsEmpty();\nlogs.verifyIfTypeFieldHasDefaultValue();\nlogs.verifyIfDateRangeFieldIsEmpty();\nlogs.verifyIfAttributeFieldIsEmpty();",
              "err": {},
              "uuid": "da3f9c31-5186-4dca-be45-7a2cdf93c4fc",
              "parentUUID": null,
              "isHook": false,
              "skipped": true
            }
          ],
          "suites": [],
          "passes": [],
          "failures": [
            "587b3893-e0fc-4081-916b-510213638116"
          ],
          "pending": [],
          "skipped": [
            "9031f433-7173-45e9-9006-b6d36c265a49",
            "f6213f90-2658-438a-b991-957e92d3d7b3",
            "c41ba189-d6a8-42a8-b9fb-9e5a4405cc59",
            "5ab1362a-32c7-4d20-9ec2-43d476fa1423",
            "56efe4dc-b1dc-47b2-8a46-35c4413080d7",
            "da3f9c31-5186-4dca-be45-7a2cdf93c4fc"
          ],
          "duration": 149,
          "root": false,
          "rootEmpty": false,
          "_timeout": 2000
        }
      ],
      "passes": [],
      "failures": [],
      "pending": [],
      "skipped": [],
      "duration": 0,
      "root": true,
      "rootEmpty": true,
      "_timeout": 2000
    }
  ],
  "meta": {
    "mocha": {
      "version": "7.0.1"
    },
    "mochawesome": {
      "options": {
        "quiet": false,
        "reportFilename": "mochawesome",
        "saveHtml": false,
        "saveJson": true,
        "consoleReporter": "spec",
        "useInlineDiffs": false,
        "code": true
      },
      "version": "7.1.3"
    },
    "marge": {
      "options": {
        "overwrite": false,
        "html": false,
        "json": true,
        "reportDir": "cypress\\reports\\html\\.jsons"
      },
      "version": "6.2.0"
    }
  }
}