{
  "stats": {
    "suites": 0,
    "tests": 1,
    "passes": 0,
    "pending": 0,
    "failures": 1,
    "start": "2023-12-06T11:42:48.760Z",
    "end": "2023-12-06T11:42:48.965Z",
    "duration": 205,
    "testsRegistered": 6,
    "passPercent": 0,
    "pendingPercent": 0,
    "other": 0,
    "hasOther": false,
    "skipped": 5,
    "hasSkipped": true
  },
  "results": [
    {
      "uuid": "5ffffeb1-6185-48c9-8091-6dfd37d40258",
      "title": "",
      "fullFile": "cypress\\e2e\\ui-tests\\specs\\modules\\editModules.cy.js",
      "file": "cypress\\e2e\\ui-tests\\specs\\modules\\editModules.cy.js",
      "beforeHooks": [],
      "afterHooks": [],
      "tests": [],
      "suites": [
        {
          "uuid": "e2e83db3-7e2f-43a9-b3a8-7973786aab65",
          "title": "Edit Modules",
          "fullFile": "",
          "file": "",
          "beforeHooks": [],
          "afterHooks": [],
          "tests": [
            {
              "title": "Verify if it possible to edit draft policy",
              "fullTitle": "Edit Modules Verify if it possible to edit draft policy",
              "timedOut": null,
              "duration": 166,
              "state": "failed",
              "speed": null,
              "pass": false,
              "fail": true,
              "pending": false,
              "context": "{\n  \"title\": \"cypress-mochawesome-reporter-screenshots\",\n  \"value\": [\n    [\n      \"\\\\modules\\\\editModules.cy.js\\\\Verify if it possible to edit draft policy -- before all hook (failed).png\"\n    ]\n  ]\n}",
              "code": "policies.checkStatus(name, \"Draft\");\npolicies.clickEditPolicy(name);\npolicies.fillFieldInEditPolicyPage(\"Name\", name + \"Edited\");\npolicies.fillFieldInEditPolicyPage(\"Description\", \"Description Edited\");\npolicies.clickSaveButton();\nmodules.openModulesTab();\npolicies.checkPolicyTableContains(name + \"Edited\");\npolicies.checkPolicyTableContains(\"Description Edited\");",
              "err": {
                "message": "CypressError: `cy.request()` failed on:\n\nhttp://localhost:3000/api/v1/profiles/StandardRegistry\n\nThe response we received from your web server was:\n\n  > 401: Unauthorized\n\nThis was considered a failure because the status code was not `2xx` or `3xx`.\n\nIf you do not want status codes to cause failures pass the option: `failOnStatusCode: false`\n\n-----------------------------------------------------------\n\nThe request we sent was:\n\nMethod: GET\nURL: http://localhost:3000/api/v1/profiles/StandardRegistry\nHeaders: {\n  \"Connection\": \"keep-alive\",\n  \"authorization\": \"bearer eyJhbGciOiJIUzI1NiIsInR5cCI6IkpXVCJ9.eyJ1c2VybmFtZSI6IlN0YW5kYXJkUmVnaXN0cnkiLCJkaWQiOiJkaWQ6aGVkZXJhOnRlc3RuZXQ6REpkb0FmUmd5em1ScGROY0ZOSDZQcUhQWFd3Nk5QVFhEOVRDa2NicW5qZTNfMC4wLjM5NDM1ODMiLCJyb2xlIjoiU1RBTkRBUkRfUkVHSVNUUlkiLCJpYXQiOjE2ODAwODg4MDN9.qv3sb9rtrowdQqObk8Co15erlkrXFAePvef1DeyTjmc\",\n  \"user-agent\": \"Mozilla/5.0 (Windows NT 10.0; Win64; x64) AppleWebKit/537.36 (KHTML, like Gecko) Cypress/10.11.0 Chrome/106.0.5249.51 Electron/21.0.0 Safari/537.36\",\n  \"accept\": \"*/*\",\n  \"accept-encoding\": \"gzip, deflate\"\n}\n\n-----------------------------------------------------------\n\nThe response we got was:\n\nStatus: 401 - Unauthorized\nHeaders: {\n  \"server\": \"nginx/1.25.1\",\n  \"date\": \"Wed, 06 Dec 2023 11:42:48 GMT\",\n  \"content-type\": \"application/json; charset=utf-8\",\n  \"content-length\": \"43\",\n  \"connection\": \"keep-alive\",\n  \"x-powered-by\": \"Express\",\n  \"etag\": \"W/\\\"2b-hGShxOkieaAVDloBubJVM+h58D8\\\"\"\n}\nBody: {\n  \"statusCode\": 401,\n  \"message\": \"Unauthorized\"\n}\n\n\nhttps://on.cypress.io/request\n\nBecause this error occurred during a `before all` hook we are skipping all of the remaining tests.",
                "estack": "CypressError: `cy.request()` failed on:\n\nhttp://localhost:3000/api/v1/profiles/StandardRegistry\n\nThe response we received from your web server was:\n\n  > 401: Unauthorized\n\nThis was considered a failure because the status code was not `2xx` or `3xx`.\n\nIf you do not want status codes to cause failures pass the option: `failOnStatusCode: false`\n\n-----------------------------------------------------------\n\nThe request we sent was:\n\nMethod: GET\nURL: http://localhost:3000/api/v1/profiles/StandardRegistry\nHeaders: {\n  \"Connection\": \"keep-alive\",\n  \"authorization\": \"bearer eyJhbGciOiJIUzI1NiIsInR5cCI6IkpXVCJ9.eyJ1c2VybmFtZSI6IlN0YW5kYXJkUmVnaXN0cnkiLCJkaWQiOiJkaWQ6aGVkZXJhOnRlc3RuZXQ6REpkb0FmUmd5em1ScGROY0ZOSDZQcUhQWFd3Nk5QVFhEOVRDa2NicW5qZTNfMC4wLjM5NDM1ODMiLCJyb2xlIjoiU1RBTkRBUkRfUkVHSVNUUlkiLCJpYXQiOjE2ODAwODg4MDN9.qv3sb9rtrowdQqObk8Co15erlkrXFAePvef1DeyTjmc\",\n  \"user-agent\": \"Mozilla/5.0 (Windows NT 10.0; Win64; x64) AppleWebKit/537.36 (KHTML, like Gecko) Cypress/10.11.0 Chrome/106.0.5249.51 Electron/21.0.0 Safari/537.36\",\n  \"accept\": \"*/*\",\n  \"accept-encoding\": \"gzip, deflate\"\n}\n\n-----------------------------------------------------------\n\nThe response we got was:\n\nStatus: 401 - Unauthorized\nHeaders: {\n  \"server\": \"nginx/1.25.1\",\n  \"date\": \"Wed, 06 Dec 2023 11:42:48 GMT\",\n  \"content-type\": \"application/json; charset=utf-8\",\n  \"content-length\": \"43\",\n  \"connection\": \"keep-alive\",\n  \"x-powered-by\": \"Express\",\n  \"etag\": \"W/\\\"2b-hGShxOkieaAVDloBubJVM+h58D8\\\"\"\n}\nBody: {\n  \"statusCode\": 401,\n  \"message\": \"Unauthorized\"\n}\n\n\nhttps://on.cypress.io/request\n\nBecause this error occurred during a `before all` hook we are skipping all of the remaining tests.\n    at <unknown> (http://localhost:53574/__cypress/runner/cypress_runner.js:144155:80)\n    at tryCatcher (http://localhost:53574/__cypress/runner/cypress_runner.js:11318:23)\n    at Promise._settlePromiseFromHandler (http://localhost:53574/__cypress/runner/cypress_runner.js:9253:31)\n    at Promise._settlePromise (http://localhost:53574/__cypress/runner/cypress_runner.js:9310:18)\n    at Promise._settlePromise0 (http://localhost:53574/__cypress/runner/cypress_runner.js:9355:10)\n    at Promise._settlePromises (http://localhost:53574/__cypress/runner/cypress_runner.js:9435:18)\n    at _drainQueueStep (http://localhost:53574/__cypress/runner/cypress_runner.js:6025:12)\n    at _drainQueue (http://localhost:53574/__cypress/runner/cypress_runner.js:6018:9)\n    at ../../node_modules/bluebird/js/release/async.js.Async._drainQueues (http://localhost:53574/__cypress/runner/cypress_runner.js:6034:5)\n    at Async.drainQueues (http://localhost:53574/__cypress/runner/cypress_runner.js:5904:14)\nFrom Your Spec Code:\n    at Context.eval (webpack:///./cypress/support/e2e.js:38:7)",
                "diff": null
              },
              "uuid": "d0e12796-fd38-4939-95f1-f594b72a94ee",
              "parentUUID": null,
              "isHook": false,
              "skipped": false
            },
            {
              "title": "Verify if it impossible to edit Published module",
              "fullTitle": "Edit Modules Verify if it impossible to edit Published module",
              "timedOut": null,
              "duration": 0,
              "state": "skipped",
              "speed": null,
              "pass": false,
              "fail": false,
              "pending": false,
              "context": null,
              "code": "modules.publishModule(name);\npolicies.checkStatus(name, \"Published\");\npolicies.clickEditPolicy(name);\npolicies.clickOnButtonByText(\"Save\");\nmodules.checkTheTextIsPresentInModule(\"Module published\");",
              "err": {},
              "uuid": "29111104-4fcc-4ffa-b500-4090b052d655",
              "parentUUID": null,
              "isHook": false,
              "skipped": true
            },
            {
              "title": "Verify if a modal window appears after returning to editing module",
              "fullTitle": "Edit Modules Verify if a modal window appears after returning to editing module",
              "timedOut": null,
              "duration": 0,
              "state": "skipped",
              "speed": null,
              "pass": false,
              "fail": false,
              "pending": false,
              "context": null,
              "code": "policies.checkStatus(name, \"Draft\");\npolicies.clickEditPolicy(name);\npolicies.fillFieldInEditPolicyPage(\"Name\", name + \"Edited\");\npolicies.fillFieldInEditPolicyPage(\"Description\", \"Description Edited\");\nmodules.openModulesTab();\npolicies.clickEditPolicy(name);\npolicies.checkModalWindowIsVisible(\"Apply latest changes\");\npolicies.checkModalWindowIsVisible(\"Do you want to apply latest changes?\");",
              "err": {},
              "uuid": "52465720-0202-4423-9471-92e9235e01ea",
              "parentUUID": null,
              "isHook": false,
              "skipped": true
            },
            {
              "title": "Adding new blocks on edit module page",
              "fullTitle": "Edit Modules Adding new blocks on edit module page",
              "timedOut": null,
              "duration": 0,
              "state": "skipped",
              "speed": null,
              "pass": false,
              "fail": false,
              "pending": false,
              "context": null,
              "code": "policies.checkStatus(name, \"Draft\");\npolicies.clickEditPolicy(name);\npolicies.waitForEditPage();\npolicies.addNewBlockByName(\"Action\");\npolicies.addNewBlockByName(\"Filters Addon\");\npolicies.clickSaveButton();\nmodules.openModulesTab();\npolicies.clickEditPolicy(name);\npolicies.checkBlockIsPresent(\"Block_1\");\npolicies.checkBlockIsPresent(\"Block_2\");",
              "err": {},
              "uuid": "cad5ce6a-feb2-45b0-9c49-a21253804611",
              "parentUUID": null,
              "isHook": false,
              "skipped": true
            },
            {
              "title": "Modify Existing block and validate if changes are saved on edit module page",
              "fullTitle": "Edit Modules Modify Existing block and validate if changes are saved on edit module page",
              "timedOut": null,
              "duration": 0,
              "state": "skipped",
              "speed": null,
              "pass": false,
              "fail": false,
              "pending": false,
              "context": null,
              "code": "policies.checkStatus(name, \"Draft\");\npolicies.clickEditPolicy(name);\npolicies.waitForEditPage();\npolicies.addNewBlockByName(\"Action\");\npolicies.addNewBlockByName(\"Aggregate Data\");\npolicies.clickOnAddedBlock(\"Block_1\");\npolicies.addNewBlockByName(\"Filters Addon\");\npolicies.addNewBlockByName(\"History\");\npolicies.clickSaveButton();\nmodules.openModulesTab();\npolicies.clickEditPolicy(name);\npolicies.expandBlock(\"Block_1\");\npolicies.checkBlockIsPresent(\"Block_3\");\npolicies.checkBlockIsPresent(\"Block_4\");",
              "err": {},
              "uuid": "9e3da066-93a4-4caa-b89c-ec7975796d87",
              "parentUUID": null,
              "isHook": false,
              "skipped": true
            },
            {
              "title": "Delete existing block and validate if changes are saved on edit module page",
              "fullTitle": "Edit Modules Delete existing block and validate if changes are saved on edit module page",
              "timedOut": null,
              "duration": 0,
              "state": "skipped",
              "speed": null,
              "pass": false,
              "fail": false,
              "pending": false,
              "context": null,
              "code": "policies.checkStatus(name, \"Draft\");\npolicies.clickEditPolicy(name);\npolicies.waitForEditPage();\npolicies.addNewBlockByName(\"Action\");\npolicies.addNewBlockByName(\"Aggregate Data\");\npolicies.clickOnAddedBlock(\"Block_1\");\npolicies.clickOnDeleteBlockButton();\npolicies.clickSaveButton();\nmodules.openModulesTab();\npolicies.clickEditPolicy(name);\npolicies.checkBlockIsPresent(\"Block_2\");",
              "err": {},
              "uuid": "a80e2a64-aa66-45a9-81a4-4455e0e60fc7",
              "parentUUID": null,
              "isHook": false,
              "skipped": true
            }
          ],
          "suites": [],
          "passes": [],
          "failures": [
            "d0e12796-fd38-4939-95f1-f594b72a94ee"
          ],
          "pending": [],
          "skipped": [
            "29111104-4fcc-4ffa-b500-4090b052d655",
            "52465720-0202-4423-9471-92e9235e01ea",
            "cad5ce6a-feb2-45b0-9c49-a21253804611",
            "9e3da066-93a4-4caa-b89c-ec7975796d87",
            "a80e2a64-aa66-45a9-81a4-4455e0e60fc7"
          ],
          "duration": 166,
          "root": false,
          "rootEmpty": false,
          "_timeout": 2000
        }
      ],
      "passes": [],
      "failures": [],
      "pending": [],
      "skipped": [],
      "duration": 0,
      "root": true,
      "rootEmpty": true,
      "_timeout": 2000
    }
  ],
  "meta": {
    "mocha": {
      "version": "7.0.1"
    },
    "mochawesome": {
      "options": {
        "quiet": false,
        "reportFilename": "mochawesome",
        "saveHtml": false,
        "saveJson": true,
        "consoleReporter": "spec",
        "useInlineDiffs": false,
        "code": true
      },
      "version": "7.1.3"
    },
    "marge": {
      "options": {
        "overwrite": false,
        "html": false,
        "json": true,
        "reportDir": "cypress\\reports\\html\\.jsons"
      },
      "version": "6.2.0"
    }
  }
}