{
  "stats": {
    "suites": 0,
    "tests": 1,
    "passes": 0,
    "pending": 0,
    "failures": 1,
    "start": "2023-12-06T11:43:22.989Z",
    "end": "2023-12-06T11:43:23.222Z",
    "duration": 233,
    "testsRegistered": 8,
    "passPercent": 0,
    "pendingPercent": 0,
    "other": 0,
    "hasOther": false,
    "skipped": 7,
    "hasSkipped": true
  },
  "results": [
    {
      "uuid": "41892e32-74db-480d-acdc-db0a63e5953b",
      "title": "",
      "fullFile": "cypress\\e2e\\ui-tests\\specs\\policy_schemas\\policySchemaAll.cy.js",
      "file": "cypress\\e2e\\ui-tests\\specs\\policy_schemas\\policySchemaAll.cy.js",
      "beforeHooks": [],
      "afterHooks": [],
      "tests": [],
      "suites": [
        {
          "uuid": "d47044b8-0e42-4d6a-a1fd-b9e5b55f8947",
          "title": "Workflow Policy Schemas",
          "fullFile": "",
          "file": "",
          "beforeHooks": [],
          "afterHooks": [],
          "tests": [
            {
              "title": "create Policy schema ",
              "fullTitle": "Workflow Policy Schemas create Policy schema ",
              "timedOut": null,
              "duration": 177,
              "state": "failed",
              "speed": null,
              "pass": false,
              "fail": true,
              "pending": false,
              "context": "{\n  \"title\": \"cypress-mochawesome-reporter-screenshots\",\n  \"value\": [\n    [\n      \"\\\\policy_schemas\\\\policySchemaAll.cy.js\\\\create Policy schema -- before all hook (failed).png\"\n    ]\n  ]\n}",
              "code": "var policyschemanameDefault = \"policyschema_create_Default\" + Math.floor(Math.random() * 999);\nvar policyschemanameVC = \"policyschema_create_VC\" + Math.floor(Math.random() * 999);\nvar policyschemanameEVC = \"policyschema_create_EVC\" + Math.floor(Math.random() * 999);\ncy.viewport(1440, 900);\nhome.visit();\nhome.login(\"StandardRegistry\");\nschema.openSchemasTab();\nschema.clickPolicySchema();\nschema.verifyButtonsAndHeadersPolicySchema();\nschema.createPolicySchema(policyschemanameDefault, 'DEFAULT', policyname);\nschema.createPolicySchema(policyschemanameVC, 'VC', policyname);\nschema.createPolicySchema(policyschemanameEVC, 'EVC', policyname);\nhome.logOut(\"StandardRegistry\");",
              "err": {
                "message": "CypressError: `cy.request()` failed on:\n\nhttp://localhost:3000/api/v1/profiles/StandardRegistry\n\nThe response we received from your web server was:\n\n  > 401: Unauthorized\n\nThis was considered a failure because the status code was not `2xx` or `3xx`.\n\nIf you do not want status codes to cause failures pass the option: `failOnStatusCode: false`\n\n-----------------------------------------------------------\n\nThe request we sent was:\n\nMethod: GET\nURL: http://localhost:3000/api/v1/profiles/StandardRegistry\nHeaders: {\n  \"Connection\": \"keep-alive\",\n  \"authorization\": \"bearer eyJhbGciOiJIUzI1NiIsInR5cCI6IkpXVCJ9.eyJ1c2VybmFtZSI6IlN0YW5kYXJkUmVnaXN0cnkiLCJkaWQiOiJkaWQ6aGVkZXJhOnRlc3RuZXQ6REpkb0FmUmd5em1ScGROY0ZOSDZQcUhQWFd3Nk5QVFhEOVRDa2NicW5qZTNfMC4wLjM5NDM1ODMiLCJyb2xlIjoiU1RBTkRBUkRfUkVHSVNUUlkiLCJpYXQiOjE2ODAwODg4MDN9.qv3sb9rtrowdQqObk8Co15erlkrXFAePvef1DeyTjmc\",\n  \"user-agent\": \"Mozilla/5.0 (Windows NT 10.0; Win64; x64) AppleWebKit/537.36 (KHTML, like Gecko) Cypress/10.11.0 Chrome/106.0.5249.51 Electron/21.0.0 Safari/537.36\",\n  \"accept\": \"*/*\",\n  \"accept-encoding\": \"gzip, deflate\"\n}\n\n-----------------------------------------------------------\n\nThe response we got was:\n\nStatus: 401 - Unauthorized\nHeaders: {\n  \"server\": \"nginx/1.25.1\",\n  \"date\": \"Wed, 06 Dec 2023 11:43:23 GMT\",\n  \"content-type\": \"application/json; charset=utf-8\",\n  \"content-length\": \"43\",\n  \"connection\": \"keep-alive\",\n  \"x-powered-by\": \"Express\",\n  \"etag\": \"W/\\\"2b-hGShxOkieaAVDloBubJVM+h58D8\\\"\"\n}\nBody: {\n  \"statusCode\": 401,\n  \"message\": \"Unauthorized\"\n}\n\n\nhttps://on.cypress.io/request\n\nBecause this error occurred during a `before all` hook we are skipping all of the remaining tests.",
                "estack": "CypressError: `cy.request()` failed on:\n\nhttp://localhost:3000/api/v1/profiles/StandardRegistry\n\nThe response we received from your web server was:\n\n  > 401: Unauthorized\n\nThis was considered a failure because the status code was not `2xx` or `3xx`.\n\nIf you do not want status codes to cause failures pass the option: `failOnStatusCode: false`\n\n-----------------------------------------------------------\n\nThe request we sent was:\n\nMethod: GET\nURL: http://localhost:3000/api/v1/profiles/StandardRegistry\nHeaders: {\n  \"Connection\": \"keep-alive\",\n  \"authorization\": \"bearer eyJhbGciOiJIUzI1NiIsInR5cCI6IkpXVCJ9.eyJ1c2VybmFtZSI6IlN0YW5kYXJkUmVnaXN0cnkiLCJkaWQiOiJkaWQ6aGVkZXJhOnRlc3RuZXQ6REpkb0FmUmd5em1ScGROY0ZOSDZQcUhQWFd3Nk5QVFhEOVRDa2NicW5qZTNfMC4wLjM5NDM1ODMiLCJyb2xlIjoiU1RBTkRBUkRfUkVHSVNUUlkiLCJpYXQiOjE2ODAwODg4MDN9.qv3sb9rtrowdQqObk8Co15erlkrXFAePvef1DeyTjmc\",\n  \"user-agent\": \"Mozilla/5.0 (Windows NT 10.0; Win64; x64) AppleWebKit/537.36 (KHTML, like Gecko) Cypress/10.11.0 Chrome/106.0.5249.51 Electron/21.0.0 Safari/537.36\",\n  \"accept\": \"*/*\",\n  \"accept-encoding\": \"gzip, deflate\"\n}\n\n-----------------------------------------------------------\n\nThe response we got was:\n\nStatus: 401 - Unauthorized\nHeaders: {\n  \"server\": \"nginx/1.25.1\",\n  \"date\": \"Wed, 06 Dec 2023 11:43:23 GMT\",\n  \"content-type\": \"application/json; charset=utf-8\",\n  \"content-length\": \"43\",\n  \"connection\": \"keep-alive\",\n  \"x-powered-by\": \"Express\",\n  \"etag\": \"W/\\\"2b-hGShxOkieaAVDloBubJVM+h58D8\\\"\"\n}\nBody: {\n  \"statusCode\": 401,\n  \"message\": \"Unauthorized\"\n}\n\n\nhttps://on.cypress.io/request\n\nBecause this error occurred during a `before all` hook we are skipping all of the remaining tests.\n    at <unknown> (http://localhost:53574/__cypress/runner/cypress_runner.js:144155:80)\n    at tryCatcher (http://localhost:53574/__cypress/runner/cypress_runner.js:11318:23)\n    at Promise._settlePromiseFromHandler (http://localhost:53574/__cypress/runner/cypress_runner.js:9253:31)\n    at Promise._settlePromise (http://localhost:53574/__cypress/runner/cypress_runner.js:9310:18)\n    at Promise._settlePromise0 (http://localhost:53574/__cypress/runner/cypress_runner.js:9355:10)\n    at Promise._settlePromises (http://localhost:53574/__cypress/runner/cypress_runner.js:9435:18)\n    at _drainQueueStep (http://localhost:53574/__cypress/runner/cypress_runner.js:6025:12)\n    at _drainQueue (http://localhost:53574/__cypress/runner/cypress_runner.js:6018:9)\n    at ../../node_modules/bluebird/js/release/async.js.Async._drainQueues (http://localhost:53574/__cypress/runner/cypress_runner.js:6034:5)\n    at Async.drainQueues (http://localhost:53574/__cypress/runner/cypress_runner.js:5904:14)\nFrom Your Spec Code:\n    at Context.eval (webpack:///./cypress/support/e2e.js:38:7)",
                "diff": null
              },
              "uuid": "9e5a1ad1-b91e-4205-b233-cc2976699037",
              "parentUUID": null,
              "isHook": false,
              "skipped": false
            },
            {
              "title": "Edit Policy schema",
              "fullTitle": "Workflow Policy Schemas Edit Policy schema",
              "timedOut": null,
              "duration": 0,
              "state": "skipped",
              "speed": null,
              "pass": false,
              "fail": false,
              "pending": false,
              "context": null,
              "code": "var policyschemaname = \"policyschema_EDIT\" + Math.floor(Math.random() * 999);\ncy.viewport(1440, 900);\nhome.visit();\nhome.login(\"StandardRegistry\");\nschema.openSchemasTab();\ncy.readFile('test.env.json').then(env => {\n  const pname = env.policyname;\n  schema.clickPolicySchema();\n  schema.createPolicySchema(policyschemaname, 'VC', pname);\n});\nschema.editPolicySchema(policyschemaname, 'VC');\nhome.logOut(\"StandardRegistry\");",
              "err": {},
              "uuid": "274ac1db-e8df-4f5c-9cf6-3ee965a5845b",
              "parentUUID": null,
              "isHook": false,
              "skipped": true
            },
            {
              "title": "Publish Policy Schema",
              "fullTitle": "Workflow Policy Schemas Publish Policy Schema",
              "timedOut": null,
              "duration": 0,
              "state": "skipped",
              "speed": null,
              "pass": false,
              "fail": false,
              "pending": false,
              "context": null,
              "code": "var policyschemaname = \"policyschema_publish\" + Math.floor(Math.random() * 999);\ncy.viewport(1440, 900);\nhome.visit();\nhome.login(\"StandardRegistry\");\nschema.openSchemasTab();\ncy.readFile('test.env.json').then(env => {\n  const pname = env.policyname;\n  schema.clickPolicySchema();\n  schema.createPolicySchema(policyschemaname, 'VC', pname);\n});\nschema.PublishPolicySchema(policyschemaname);\nhome.logOut(\"StandardRegistry\");",
              "err": {},
              "uuid": "266098ea-2375-45c9-aec6-d968f05db020",
              "parentUUID": null,
              "isHook": false,
              "skipped": true
            },
            {
              "title": "Delete Policy Schema",
              "fullTitle": "Workflow Policy Schemas Delete Policy Schema",
              "timedOut": null,
              "duration": 0,
              "state": "skipped",
              "speed": null,
              "pass": false,
              "fail": false,
              "pending": false,
              "context": null,
              "code": "var policyschemaname = \"policyschema_Delete\" + Math.floor(Math.random() * 999);\ncy.viewport(1440, 900);\nhome.visit();\nhome.login(\"StandardRegistry\");\nschema.openSchemasTab();\nschema.clickPolicySchema();\ncy.readFile('test.env.json').then(env => {\n  const pname = env.policyname;\n  schema.createPolicySchema(policyschemaname, 'VC', pname);\n});\nschema.DeletePolicySchema(policyschemaname);\nhome.logOut(\"StandardRegistry\");",
              "err": {},
              "uuid": "32341de0-4711-4945-a2c9-0aac357b8b39",
              "parentUUID": null,
              "isHook": false,
              "skipped": true
            },
            {
              "title": "Import Policy Schema by IPFS",
              "fullTitle": "Workflow Policy Schemas Import Policy Schema by IPFS",
              "timedOut": null,
              "duration": 0,
              "state": "skipped",
              "speed": null,
              "pass": false,
              "fail": false,
              "pending": false,
              "context": null,
              "code": "cy.viewport(1440, 900);\nhome.visit();\nhome.login(\"StandardRegistry\");\nschema.openSchemasTab();\nschema.clickPolicySchema();\nschema.importSchemaButton();\nschema.importSchemaMessage(\"1674822599.228034003\");\nhome.logOut(\"StandardRegistry\");",
              "err": {},
              "uuid": "69df48c0-0b06-47a8-942a-57f70fd2fd62",
              "parentUUID": null,
              "isHook": false,
              "skipped": true
            },
            {
              "title": "Import Policy Schema by File",
              "fullTitle": "Workflow Policy Schemas Import Policy Schema by File",
              "timedOut": null,
              "duration": 0,
              "state": "skipped",
              "speed": null,
              "pass": false,
              "fail": false,
              "pending": false,
              "context": null,
              "code": "cy.viewport(1440, 900);\nhome.visit();\nhome.login(\"StandardRegistry\");\nschema.openSchemasTab();\nschema.clickPolicySchema();\nschema.importSchemaButton();\nschema.importSchemaFile('schemas_1684324834016.schema');\nhome.logOut(\"StandardRegistry\");",
              "err": {},
              "uuid": "079831a9-56f5-436c-a720-248e482d0a5a",
              "parentUUID": null,
              "isHook": false,
              "skipped": true
            },
            {
              "title": "Export by File",
              "fullTitle": "Workflow Policy Schemas Export by File",
              "timedOut": null,
              "duration": 0,
              "state": "skipped",
              "speed": null,
              "pass": false,
              "fail": false,
              "pending": false,
              "context": null,
              "code": "var policyschemaname = \"policyschema_export\" + Math.floor(Math.random() * 999);\ncy.viewport(1440, 900);\nhome.visit();\nhome.login(\"StandardRegistry\");\nschema.openSchemasTab();\nschema.clickPolicySchema();\ncy.readFile('test.env.json').then(env => {\n  const pname = env.policyname;\n  schema.createPolicySchema(policyschemaname, 'VC', pname);\n});\nschema.exportSchemaFile(policyschemaname);\nhome.logOut(\"StandardRegistry\");",
              "err": {},
              "uuid": "c700d172-0617-43ee-87b7-ddacb9b95956",
              "parentUUID": null,
              "isHook": false,
              "skipped": true
            },
            {
              "title": "Compare Policy Schema",
              "fullTitle": "Workflow Policy Schemas Compare Policy Schema",
              "timedOut": null,
              "duration": 0,
              "state": "skipped",
              "speed": null,
              "pass": false,
              "fail": false,
              "pending": false,
              "context": null,
              "code": "var policyschemaname1 = \"policyschema_compare1\" + Math.floor(Math.random() * 999);\nvar policyschemaname2 = \"policyschema_compare2\" + Math.floor(Math.random() * 999);\ncy.viewport(1440, 900);\nhome.visit();\nhome.login(\"StandardRegistry\");\nschema.openSchemasTab();\nschema.clickPolicySchema();\ncy.readFile('test.env.json').then(env => {\n  const pname = env.policyname;\n  schema.createPolicySchema(policyschemaname1, 'VC', pname);\n  schema.createPolicySchema(policyschemaname2, 'VC', pname);\n  cy.reload();\n  schema.comparePolicySchema(policyschemaname1, policyschemaname2, pname);\n});\nhome.logOut(\"StandardRegistry\");",
              "err": {},
              "uuid": "ab485789-1e2a-4421-b709-558e4f698e1b",
              "parentUUID": null,
              "isHook": false,
              "skipped": true
            }
          ],
          "suites": [],
          "passes": [],
          "failures": [
            "9e5a1ad1-b91e-4205-b233-cc2976699037"
          ],
          "pending": [],
          "skipped": [
            "274ac1db-e8df-4f5c-9cf6-3ee965a5845b",
            "266098ea-2375-45c9-aec6-d968f05db020",
            "32341de0-4711-4945-a2c9-0aac357b8b39",
            "69df48c0-0b06-47a8-942a-57f70fd2fd62",
            "079831a9-56f5-436c-a720-248e482d0a5a",
            "c700d172-0617-43ee-87b7-ddacb9b95956",
            "ab485789-1e2a-4421-b709-558e4f698e1b"
          ],
          "duration": 177,
          "root": false,
          "rootEmpty": false,
          "_timeout": 2000
        }
      ],
      "passes": [],
      "failures": [],
      "pending": [],
      "skipped": [],
      "duration": 0,
      "root": true,
      "rootEmpty": true,
      "_timeout": 2000
    }
  ],
  "meta": {
    "mocha": {
      "version": "7.0.1"
    },
    "mochawesome": {
      "options": {
        "quiet": false,
        "reportFilename": "mochawesome",
        "saveHtml": false,
        "saveJson": true,
        "consoleReporter": "spec",
        "useInlineDiffs": false,
        "code": true
      },
      "version": "7.1.3"
    },
    "marge": {
      "options": {
        "overwrite": false,
        "html": false,
        "json": true,
        "reportDir": "cypress\\reports\\html\\.jsons"
      },
      "version": "6.2.0"
    }
  }
}