{
  "stats": {
    "suites": 0,
    "tests": 1,
    "passes": 0,
    "pending": 0,
    "failures": 1,
    "start": "2023-12-06T11:42:22.566Z",
    "end": "2023-12-06T11:42:22.786Z",
    "duration": 220,
    "testsRegistered": 13,
    "passPercent": 0,
    "pendingPercent": 0,
    "other": 0,
    "hasOther": false,
    "skipped": 12,
    "hasSkipped": true
  },
  "results": [
    {
      "uuid": "5505dcd9-be7e-4ea1-81ed-2074a27244e8",
      "title": "",
      "fullFile": "cypress\\e2e\\ui-tests\\specs\\Account Registration\\createAccount_NonHappyFlows.cy.js",
      "file": "cypress\\e2e\\ui-tests\\specs\\Account Registration\\createAccount_NonHappyFlows.cy.js",
      "beforeHooks": [],
      "afterHooks": [],
      "tests": [],
      "suites": [
        {
          "uuid": "0699f7ca-3275-4ee0-a150-67b3521f1613",
          "title": "Create User Accounts_Non Happy Scenarios",
          "fullFile": "",
          "file": "",
          "beforeHooks": [],
          "afterHooks": [],
          "tests": [
            {
              "title": "Verify error message when account with the same name alredy exists",
              "fullTitle": "Create User Accounts_Non Happy Scenarios Verify error message when account with the same name alredy exists",
              "timedOut": null,
              "duration": 176,
              "state": "failed",
              "speed": null,
              "pass": false,
              "fail": true,
              "pending": false,
              "context": "{\n  \"title\": \"cypress-mochawesome-reporter-screenshots\",\n  \"value\": [\n    [\n      \"\\\\Account Registration\\\\createAccount_NonHappyFlows.cy.js\\\\Verify error message when account with the same name alredy exists -- before all hook (failed).png\"\n    ]\n  ]\n}",
              "code": "cy.viewport(1440, 900);\nhome.visit();\nvar account = 'StandardRegistry';\nhomepage.createStandartRegistryAccount(account);\nhomepage.verifyAlert();",
              "err": {
                "message": "CypressError: `cy.request()` failed on:\n\nhttp://localhost:3000/api/v1/profiles/StandardRegistry\n\nThe response we received from your web server was:\n\n  > 401: Unauthorized\n\nThis was considered a failure because the status code was not `2xx` or `3xx`.\n\nIf you do not want status codes to cause failures pass the option: `failOnStatusCode: false`\n\n-----------------------------------------------------------\n\nThe request we sent was:\n\nMethod: GET\nURL: http://localhost:3000/api/v1/profiles/StandardRegistry\nHeaders: {\n  \"Connection\": \"keep-alive\",\n  \"authorization\": \"bearer eyJhbGciOiJIUzI1NiIsInR5cCI6IkpXVCJ9.eyJ1c2VybmFtZSI6IlN0YW5kYXJkUmVnaXN0cnkiLCJkaWQiOiJkaWQ6aGVkZXJhOnRlc3RuZXQ6REpkb0FmUmd5em1ScGROY0ZOSDZQcUhQWFd3Nk5QVFhEOVRDa2NicW5qZTNfMC4wLjM5NDM1ODMiLCJyb2xlIjoiU1RBTkRBUkRfUkVHSVNUUlkiLCJpYXQiOjE2ODAwODg4MDN9.qv3sb9rtrowdQqObk8Co15erlkrXFAePvef1DeyTjmc\",\n  \"user-agent\": \"Mozilla/5.0 (Windows NT 10.0; Win64; x64) AppleWebKit/537.36 (KHTML, like Gecko) Cypress/10.11.0 Chrome/106.0.5249.51 Electron/21.0.0 Safari/537.36\",\n  \"accept\": \"*/*\",\n  \"accept-encoding\": \"gzip, deflate\"\n}\n\n-----------------------------------------------------------\n\nThe response we got was:\n\nStatus: 401 - Unauthorized\nHeaders: {\n  \"server\": \"nginx/1.25.1\",\n  \"date\": \"Wed, 06 Dec 2023 11:42:22 GMT\",\n  \"content-type\": \"application/json; charset=utf-8\",\n  \"content-length\": \"43\",\n  \"connection\": \"keep-alive\",\n  \"x-powered-by\": \"Express\",\n  \"etag\": \"W/\\\"2b-hGShxOkieaAVDloBubJVM+h58D8\\\"\"\n}\nBody: {\n  \"statusCode\": 401,\n  \"message\": \"Unauthorized\"\n}\n\n\nhttps://on.cypress.io/request\n\nBecause this error occurred during a `before all` hook we are skipping all of the remaining tests.",
                "estack": "CypressError: `cy.request()` failed on:\n\nhttp://localhost:3000/api/v1/profiles/StandardRegistry\n\nThe response we received from your web server was:\n\n  > 401: Unauthorized\n\nThis was considered a failure because the status code was not `2xx` or `3xx`.\n\nIf you do not want status codes to cause failures pass the option: `failOnStatusCode: false`\n\n-----------------------------------------------------------\n\nThe request we sent was:\n\nMethod: GET\nURL: http://localhost:3000/api/v1/profiles/StandardRegistry\nHeaders: {\n  \"Connection\": \"keep-alive\",\n  \"authorization\": \"bearer eyJhbGciOiJIUzI1NiIsInR5cCI6IkpXVCJ9.eyJ1c2VybmFtZSI6IlN0YW5kYXJkUmVnaXN0cnkiLCJkaWQiOiJkaWQ6aGVkZXJhOnRlc3RuZXQ6REpkb0FmUmd5em1ScGROY0ZOSDZQcUhQWFd3Nk5QVFhEOVRDa2NicW5qZTNfMC4wLjM5NDM1ODMiLCJyb2xlIjoiU1RBTkRBUkRfUkVHSVNUUlkiLCJpYXQiOjE2ODAwODg4MDN9.qv3sb9rtrowdQqObk8Co15erlkrXFAePvef1DeyTjmc\",\n  \"user-agent\": \"Mozilla/5.0 (Windows NT 10.0; Win64; x64) AppleWebKit/537.36 (KHTML, like Gecko) Cypress/10.11.0 Chrome/106.0.5249.51 Electron/21.0.0 Safari/537.36\",\n  \"accept\": \"*/*\",\n  \"accept-encoding\": \"gzip, deflate\"\n}\n\n-----------------------------------------------------------\n\nThe response we got was:\n\nStatus: 401 - Unauthorized\nHeaders: {\n  \"server\": \"nginx/1.25.1\",\n  \"date\": \"Wed, 06 Dec 2023 11:42:22 GMT\",\n  \"content-type\": \"application/json; charset=utf-8\",\n  \"content-length\": \"43\",\n  \"connection\": \"keep-alive\",\n  \"x-powered-by\": \"Express\",\n  \"etag\": \"W/\\\"2b-hGShxOkieaAVDloBubJVM+h58D8\\\"\"\n}\nBody: {\n  \"statusCode\": 401,\n  \"message\": \"Unauthorized\"\n}\n\n\nhttps://on.cypress.io/request\n\nBecause this error occurred during a `before all` hook we are skipping all of the remaining tests.\n    at <unknown> (http://localhost:53574/__cypress/runner/cypress_runner.js:144155:80)\n    at tryCatcher (http://localhost:53574/__cypress/runner/cypress_runner.js:11318:23)\n    at Promise._settlePromiseFromHandler (http://localhost:53574/__cypress/runner/cypress_runner.js:9253:31)\n    at Promise._settlePromise (http://localhost:53574/__cypress/runner/cypress_runner.js:9310:18)\n    at Promise._settlePromise0 (http://localhost:53574/__cypress/runner/cypress_runner.js:9355:10)\n    at Promise._settlePromises (http://localhost:53574/__cypress/runner/cypress_runner.js:9435:18)\n    at _drainQueueStep (http://localhost:53574/__cypress/runner/cypress_runner.js:6025:12)\n    at _drainQueue (http://localhost:53574/__cypress/runner/cypress_runner.js:6018:9)\n    at ../../node_modules/bluebird/js/release/async.js.Async._drainQueues (http://localhost:53574/__cypress/runner/cypress_runner.js:6034:5)\n    at Async.drainQueues (http://localhost:53574/__cypress/runner/cypress_runner.js:5904:14)\nFrom Your Spec Code:\n    at Context.eval (webpack:///./cypress/support/e2e.js:38:7)",
                "diff": null
              },
              "uuid": "0cff2972-dd38-4541-92e9-5332c47f337f",
              "parentUUID": null,
              "isHook": false,
              "skipped": false
            },
            {
              "title": "Verify error message when the username field is left blank in Create SD flow",
              "fullTitle": "Create User Accounts_Non Happy Scenarios Verify error message when the username field is left blank in Create SD flow",
              "timedOut": null,
              "duration": 0,
              "state": "skipped",
              "speed": null,
              "pass": false,
              "fail": false,
              "pending": false,
              "context": null,
              "code": "homepage.clickStandardRegistry();\nhomepage.checkCreateDisabledUserNameEmpty();",
              "err": {},
              "uuid": "db80ca4c-05b4-4c87-ac0e-529d2286fb54",
              "parentUUID": null,
              "isHook": false,
              "skipped": true
            },
            {
              "title": "Verify error message when the Password field is left blank in Create SD flow",
              "fullTitle": "Create User Accounts_Non Happy Scenarios Verify error message when the Password field is left blank in Create SD flow",
              "timedOut": null,
              "duration": 0,
              "state": "skipped",
              "speed": null,
              "pass": false,
              "fail": false,
              "pending": false,
              "context": null,
              "code": "homepage.clickStandardRegistry();\nhomepage.checkCreateDisabledPasswordEmpty();",
              "err": {},
              "uuid": "980f2b31-81ee-4dae-8e0f-dc6d55b16ace",
              "parentUUID": null,
              "isHook": false,
              "skipped": true
            },
            {
              "title": "Verify error message when the Confirm Password field is left blank in Create SD flow.",
              "fullTitle": "Create User Accounts_Non Happy Scenarios Verify error message when the Confirm Password field is left blank in Create SD flow.",
              "timedOut": null,
              "duration": 0,
              "state": "skipped",
              "speed": null,
              "pass": false,
              "fail": false,
              "pending": false,
              "context": null,
              "code": "homepage.clickStandardRegistry();\nhomepage.checkCreateDisabledConfirmPasswordEmpty();",
              "err": {},
              "uuid": "15c2df99-fd2a-46f6-8363-000253dd9728",
              "parentUUID": null,
              "isHook": false,
              "skipped": true
            },
            {
              "title": "Verify error message  when the Passwords do not match field is left blank in Create SD flow",
              "fullTitle": "Create User Accounts_Non Happy Scenarios Verify error message  when the Passwords do not match field is left blank in Create SD flow",
              "timedOut": null,
              "duration": 0,
              "state": "skipped",
              "speed": null,
              "pass": false,
              "fail": false,
              "pending": false,
              "context": null,
              "code": "homepage.clickStandardRegistry();\nhomepage.checkCreateDisabledPasswordMismatch();",
              "err": {},
              "uuid": "54332729-b432-41e2-a4cd-c95c5834ab7f",
              "parentUUID": null,
              "isHook": false,
              "skipped": true
            },
            {
              "title": "Verify error message when the username field is left blank in Create USER flow",
              "fullTitle": "Create User Accounts_Non Happy Scenarios Verify error message when the username field is left blank in Create USER flow",
              "timedOut": null,
              "duration": 0,
              "state": "skipped",
              "speed": null,
              "pass": false,
              "fail": false,
              "pending": false,
              "context": null,
              "code": "homepage.clickUser();\nhomepage.checkCreateDisabledUserNameEmpty();",
              "err": {},
              "uuid": "411c61ff-6a01-4b46-a87c-6cb725271e8c",
              "parentUUID": null,
              "isHook": false,
              "skipped": true
            },
            {
              "title": "Verify error message when the Password field is left blank in Create USER flow",
              "fullTitle": "Create User Accounts_Non Happy Scenarios Verify error message when the Password field is left blank in Create USER flow",
              "timedOut": null,
              "duration": 0,
              "state": "skipped",
              "speed": null,
              "pass": false,
              "fail": false,
              "pending": false,
              "context": null,
              "code": "homepage.clickUser();\nhomepage.checkCreateDisabledPasswordEmpty();",
              "err": {},
              "uuid": "2fe358fc-0aa0-4f41-af26-105a0a2a75a1",
              "parentUUID": null,
              "isHook": false,
              "skipped": true
            },
            {
              "title": "Verify error message when the Confirm Password field is left blank in Create USER flow.",
              "fullTitle": "Create User Accounts_Non Happy Scenarios Verify error message when the Confirm Password field is left blank in Create USER flow.",
              "timedOut": null,
              "duration": 0,
              "state": "skipped",
              "speed": null,
              "pass": false,
              "fail": false,
              "pending": false,
              "context": null,
              "code": "homepage.clickUser();\nhomepage.checkCreateDisabledConfirmPasswordEmpty();",
              "err": {},
              "uuid": "d8b14276-eebb-4f48-908b-7cd534e09836",
              "parentUUID": null,
              "isHook": false,
              "skipped": true
            },
            {
              "title": "Verify error message when the Passwords do not match field is left blank in Create USER flow",
              "fullTitle": "Create User Accounts_Non Happy Scenarios Verify error message when the Passwords do not match field is left blank in Create USER flow",
              "timedOut": null,
              "duration": 0,
              "state": "skipped",
              "speed": null,
              "pass": false,
              "fail": false,
              "pending": false,
              "context": null,
              "code": "homepage.clickUser();\nhomepage.checkCreateDisabledPasswordMismatch();",
              "err": {},
              "uuid": "518bccec-d7b4-43e3-97e4-7a93a86f7961",
              "parentUUID": null,
              "isHook": false,
              "skipped": true
            },
            {
              "title": "Verify error message when the username field is left blank in Create AUDITOR flow",
              "fullTitle": "Create User Accounts_Non Happy Scenarios Verify error message when the username field is left blank in Create AUDITOR flow",
              "timedOut": null,
              "duration": 0,
              "state": "skipped",
              "speed": null,
              "pass": false,
              "fail": false,
              "pending": false,
              "context": null,
              "code": "homepage.clickAuditor();\nhomepage.checkCreateDisabledUserNameEmpty();",
              "err": {},
              "uuid": "c377f3ee-d90e-4946-ac11-3b281fb44f29",
              "parentUUID": null,
              "isHook": false,
              "skipped": true
            },
            {
              "title": "Verify error message when the Password field is left blank in Create AUDITOR flow",
              "fullTitle": "Create User Accounts_Non Happy Scenarios Verify error message when the Password field is left blank in Create AUDITOR flow",
              "timedOut": null,
              "duration": 0,
              "state": "skipped",
              "speed": null,
              "pass": false,
              "fail": false,
              "pending": false,
              "context": null,
              "code": "homepage.clickAuditor();\nhomepage.checkCreateDisabledPasswordEmpty();",
              "err": {},
              "uuid": "d17af701-5561-46bf-85fd-49c8a2374763",
              "parentUUID": null,
              "isHook": false,
              "skipped": true
            },
            {
              "title": "Verify error message when the Confirm Password field is left blank in Create AUDITOR flow.",
              "fullTitle": "Create User Accounts_Non Happy Scenarios Verify error message when the Confirm Password field is left blank in Create AUDITOR flow.",
              "timedOut": null,
              "duration": 0,
              "state": "skipped",
              "speed": null,
              "pass": false,
              "fail": false,
              "pending": false,
              "context": null,
              "code": "homepage.clickAuditor();\nhomepage.checkCreateDisabledConfirmPasswordEmpty();",
              "err": {},
              "uuid": "57e3df61-9420-4a40-8bbb-d1f8726bdfeb",
              "parentUUID": null,
              "isHook": false,
              "skipped": true
            },
            {
              "title": "Verify error message when the Passwords do not match field is left blank in AUDITOR USER flow",
              "fullTitle": "Create User Accounts_Non Happy Scenarios Verify error message when the Passwords do not match field is left blank in AUDITOR USER flow",
              "timedOut": null,
              "duration": 0,
              "state": "skipped",
              "speed": null,
              "pass": false,
              "fail": false,
              "pending": false,
              "context": null,
              "code": "homepage.clickAuditor();\nhomepage.checkCreateDisabledPasswordMismatch();",
              "err": {},
              "uuid": "2a09303f-7061-4d8b-9e07-efe8d63a1528",
              "parentUUID": null,
              "isHook": false,
              "skipped": true
            }
          ],
          "suites": [],
          "passes": [],
          "failures": [
            "0cff2972-dd38-4541-92e9-5332c47f337f"
          ],
          "pending": [],
          "skipped": [
            "db80ca4c-05b4-4c87-ac0e-529d2286fb54",
            "980f2b31-81ee-4dae-8e0f-dc6d55b16ace",
            "15c2df99-fd2a-46f6-8363-000253dd9728",
            "54332729-b432-41e2-a4cd-c95c5834ab7f",
            "411c61ff-6a01-4b46-a87c-6cb725271e8c",
            "2fe358fc-0aa0-4f41-af26-105a0a2a75a1",
            "d8b14276-eebb-4f48-908b-7cd534e09836",
            "518bccec-d7b4-43e3-97e4-7a93a86f7961",
            "c377f3ee-d90e-4946-ac11-3b281fb44f29",
            "d17af701-5561-46bf-85fd-49c8a2374763",
            "57e3df61-9420-4a40-8bbb-d1f8726bdfeb",
            "2a09303f-7061-4d8b-9e07-efe8d63a1528"
          ],
          "duration": 176,
          "root": false,
          "rootEmpty": false,
          "_timeout": 2000
        }
      ],
      "passes": [],
      "failures": [],
      "pending": [],
      "skipped": [],
      "duration": 0,
      "root": true,
      "rootEmpty": true,
      "_timeout": 2000
    }
  ],
  "meta": {
    "mocha": {
      "version": "7.0.1"
    },
    "mochawesome": {
      "options": {
        "quiet": false,
        "reportFilename": "mochawesome",
        "saveHtml": false,
        "saveJson": true,
        "consoleReporter": "spec",
        "useInlineDiffs": false,
        "code": true
      },
      "version": "7.1.3"
    },
    "marge": {
      "options": {
        "overwrite": false,
        "html": false,
        "json": true,
        "reportDir": "cypress\\reports\\html\\.jsons"
      },
      "version": "6.2.0"
    }
  }
}